{"errors":["\"departments\" is not allowed","\"products\" is not allowed","\"customers\" is not allowed","\"tickets\" is not allowed","\"invoices\" is not allowed","\"cashClosures\" is not allowed","\"promotions\" is not allowed","\"inventory\" is not allowed","\"generalConfiguration\" is not allowed","\"loyaltyProgram\" is not allowed","\"taxConfiguration\" is not allowed","\"alertConfiguration\" is not allowed","\"trainingProgram\" is not allowed","\"metrics\" is not allowed","\"userPermissions\" is not allowed","\"auditLog\" is not allowed","\"securitySettings\" is not allowed","\"isActive\" is not allowed","\"createdAt\" is not allowed","\"updatedAt\" is not allowed"],"level":"warn","message":"Error de validación al crear tienda","timestamp":"2024-11-08T15:54:30.977Z"}
{"context":{"action":"dbConnection","userId":"123"},"level":"fatal","message":"Error crítico: No se pudo conectar a la base de datos","timestamp":"2024-11-08T15:59:07.105Z"}
{"context":{"userId":"123"},"level":"error","message":"Error: El sistema ha fallado","timestamp":"2024-11-08T15:59:07.321Z"}
{"context":{"userId":"123"},"level":"warn","message":"Advertencia: El uso de memoria ha superado el 80%","timestamp":"2024-11-08T15:59:07.325Z"}
{"context":{"userId":"123"},"level":"info","message":"Información general: El servidor ha iniciado correctamente","timestamp":"2024-11-08T15:59:07.331Z"}
{"context":{"method":"GET","path":"/api/v1/users","userId":"123"},"level":"http","message":"HTTP Request: GET /api/v1/users","timestamp":"2024-11-08T15:59:07.336Z"}
{"context":{"userId":"123"},"level":"debug","message":"Depuración: El usuario tiene el ID 123 y su estado es activo","timestamp":"2024-11-08T15:59:07.342Z"}
{"level":"info","message":"Tienda creada exitosamente","storeId":"672e3550974870fd825373d8","timestamp":"2024-11-08T15:59:15.072Z"}
{"context":{"action":"dbConnection","userId":"123"},"level":"fatal","message":"Error crítico: No se pudo conectar a la base de datos","timestamp":"2024-11-08T20:39:14.900Z"}
{"context":{"userId":"123"},"level":"error","message":"Error: El sistema ha fallado","timestamp":"2024-11-08T20:39:14.943Z"}
{"context":{"userId":"123"},"level":"warn","message":"Advertencia: El uso de memoria ha superado el 80%","timestamp":"2024-11-08T20:39:14.946Z"}
{"context":{"userId":"123"},"level":"info","message":"Información general: El servidor ha iniciado correctamente","timestamp":"2024-11-08T20:39:14.948Z"}
{"context":{"method":"GET","path":"/api/v1/users","userId":"123"},"level":"http","message":"HTTP Request: GET /api/v1/users","timestamp":"2024-11-08T20:39:14.950Z"}
{"context":{"userId":"123"},"level":"debug","message":"Depuración: El usuario tiene el ID 123 y su estado es activo","timestamp":"2024-11-08T20:39:14.952Z"}
{"context":{"action":"dbConnection","userId":"123"},"level":"fatal","message":"Error crítico: No se pudo conectar a la base de datos","timestamp":"2024-11-08T20:40:00.581Z"}
{"context":{"userId":"123"},"level":"error","message":"Error: El sistema ha fallado","timestamp":"2024-11-08T20:40:00.604Z"}
{"context":{"userId":"123"},"level":"warn","message":"Advertencia: El uso de memoria ha superado el 80%","timestamp":"2024-11-08T20:40:00.607Z"}
{"context":{"userId":"123"},"level":"info","message":"Información general: El servidor ha iniciado correctamente","timestamp":"2024-11-08T20:40:00.608Z"}
{"context":{"method":"GET","path":"/api/v1/users","userId":"123"},"level":"http","message":"HTTP Request: GET /api/v1/users","timestamp":"2024-11-08T20:40:00.609Z"}
{"context":{"userId":"123"},"level":"debug","message":"Depuración: El usuario tiene el ID 123 y su estado es activo","timestamp":"2024-11-08T20:40:00.611Z"}
{"context":{"action":"dbConnection","userId":"123"},"level":"fatal","message":"Error crítico: No se pudo conectar a la base de datos","timestamp":"2024-11-08T20:41:23.406Z"}
{"context":{"userId":"123"},"level":"error","message":"Error: El sistema ha fallado","timestamp":"2024-11-08T20:41:23.430Z"}
{"context":{"userId":"123"},"level":"warn","message":"Advertencia: El uso de memoria ha superado el 80%","timestamp":"2024-11-08T20:41:23.431Z"}
{"context":{"userId":"123"},"level":"info","message":"Información general: El servidor ha iniciado correctamente","timestamp":"2024-11-08T20:41:23.432Z"}
{"context":{"method":"GET","path":"/api/v1/users","userId":"123"},"level":"http","message":"HTTP Request: GET /api/v1/users","timestamp":"2024-11-08T20:41:23.433Z"}
{"context":{"userId":"123"},"level":"debug","message":"Depuración: El usuario tiene el ID 123 y su estado es activo","timestamp":"2024-11-08T20:41:23.434Z"}
{"context":{"action":"dbConnection","userId":"123"},"level":"fatal","message":"Error crítico: No se pudo conectar a la base de datos","timestamp":"2024-11-08T20:46:01.261Z"}
{"context":{"userId":"123"},"level":"error","message":"Error: El sistema ha fallado","timestamp":"2024-11-08T20:46:01.293Z"}
{"context":{"userId":"123"},"level":"warn","message":"Advertencia: El uso de memoria ha superado el 80%","timestamp":"2024-11-08T20:46:01.294Z"}
{"context":{"userId":"123"},"level":"info","message":"Información general: El servidor ha iniciado correctamente","timestamp":"2024-11-08T20:46:01.296Z"}
{"context":{"method":"GET","path":"/api/v1/users","userId":"123"},"level":"http","message":"HTTP Request: GET /api/v1/users","timestamp":"2024-11-08T20:46:01.297Z"}
{"context":{"userId":"123"},"level":"debug","message":"Depuración: El usuario tiene el ID 123 y su estado es activo","timestamp":"2024-11-08T20:46:01.298Z"}
{"context":{"action":"dbConnection","userId":"123"},"level":"fatal","message":"Error crítico: No se pudo conectar a la base de datos","timestamp":"2024-11-08T20:46:41.731Z"}
{"context":{"userId":"123"},"level":"error","message":"Error: El sistema ha fallado","timestamp":"2024-11-08T20:46:41.757Z"}
{"context":{"userId":"123"},"level":"warn","message":"Advertencia: El uso de memoria ha superado el 80%","timestamp":"2024-11-08T20:46:41.758Z"}
{"context":{"userId":"123"},"level":"info","message":"Información general: El servidor ha iniciado correctamente","timestamp":"2024-11-08T20:46:41.759Z"}
{"context":{"method":"GET","path":"/api/v1/users","userId":"123"},"level":"http","message":"HTTP Request: GET /api/v1/users","timestamp":"2024-11-08T20:46:41.760Z"}
{"context":{"userId":"123"},"level":"debug","message":"Depuración: El usuario tiene el ID 123 y su estado es activo","timestamp":"2024-11-08T20:46:41.762Z"}
{"context":{"action":"dbConnection","userId":"123"},"level":"fatal","message":"Error crítico: No se pudo conectar a la base de datos","timestamp":"2024-11-08T20:53:18.544Z"}
{"context":{"userId":"123"},"level":"error","message":"Error: El sistema ha fallado","timestamp":"2024-11-08T20:53:18.567Z"}
{"context":{"userId":"123"},"level":"warn","message":"Advertencia: El uso de memoria ha superado el 80%","timestamp":"2024-11-08T20:53:18.568Z"}
{"context":{"userId":"123"},"level":"info","message":"Información general: El servidor ha iniciado correctamente","timestamp":"2024-11-08T20:53:18.569Z"}
{"context":{"method":"GET","path":"/api/v1/users","userId":"123"},"level":"http","message":"HTTP Request: GET /api/v1/users","timestamp":"2024-11-08T20:53:18.570Z"}
{"context":{"userId":"123"},"level":"debug","message":"Depuración: El usuario tiene el ID 123 y su estado es activo","timestamp":"2024-11-08T20:53:18.571Z"}
{"context":{"action":"dbConnection","userId":"123"},"level":"fatal","message":"Error crítico: No se pudo conectar a la base de datos","timestamp":"2024-11-08T20:53:40.463Z"}
{"context":{"userId":"123"},"level":"error","message":"Error: El sistema ha fallado","timestamp":"2024-11-08T20:53:40.485Z"}
{"context":{"userId":"123"},"level":"warn","message":"Advertencia: El uso de memoria ha superado el 80%","timestamp":"2024-11-08T20:53:40.486Z"}
{"context":{"userId":"123"},"level":"info","message":"Información general: El servidor ha iniciado correctamente","timestamp":"2024-11-08T20:53:40.488Z"}
{"context":{"method":"GET","path":"/api/v1/users","userId":"123"},"level":"http","message":"HTTP Request: GET /api/v1/users","timestamp":"2024-11-08T20:53:40.489Z"}
{"context":{"userId":"123"},"level":"debug","message":"Depuración: El usuario tiene el ID 123 y su estado es activo","timestamp":"2024-11-08T20:53:40.490Z"}
{"context":{"action":"dbConnection","userId":"123"},"level":"fatal","message":"Error crítico: No se pudo conectar a la base de datos","timestamp":"2024-11-08T21:00:32.026Z"}
{"context":{"userId":"123"},"level":"error","message":"Error: El sistema ha fallado","timestamp":"2024-11-08T21:00:32.062Z"}
{"context":{"userId":"123"},"level":"warn","message":"Advertencia: El uso de memoria ha superado el 80%","timestamp":"2024-11-08T21:00:32.063Z"}
{"context":{"userId":"123"},"level":"info","message":"Información general: El servidor ha iniciado correctamente","timestamp":"2024-11-08T21:00:32.067Z"}
{"context":{"method":"GET","path":"/api/v1/users","userId":"123"},"level":"http","message":"HTTP Request: GET /api/v1/users","timestamp":"2024-11-08T21:00:32.068Z"}
{"context":{"userId":"123"},"level":"debug","message":"Depuración: El usuario tiene el ID 123 y su estado es activo","timestamp":"2024-11-08T21:00:32.071Z"}
