{"context":{"action":"dbConnection","userId":"123"},"level":"fatal","message":"Error crítico: No se pudo conectar a la base de datos","timestamp":"2024-11-06T16:54:21.550Z"}
{"context":{"userId":"123"},"level":"error","message":"Error: El sistema ha fallado","timestamp":"2024-11-06T16:54:21.575Z"}
{"context":{"userId":"123"},"level":"warn","message":"Advertencia: El uso de memoria ha superado el 80%","timestamp":"2024-11-06T16:54:21.576Z"}
{"context":{"userId":"123"},"level":"info","message":"Información general: El servidor ha iniciado correctamente","timestamp":"2024-11-06T16:54:21.578Z"}
{"context":{"method":"GET","path":"/api/v1/users","userId":"123"},"level":"http","message":"HTTP Request: GET /api/v1/users","timestamp":"2024-11-06T16:54:21.579Z"}
{"context":{"userId":"123"},"level":"debug","message":"Depuración: El usuario tiene el ID 123 y su estado es activo","timestamp":"2024-11-06T16:54:21.580Z"}
{"context":{"action":"dbConnection","userId":"123"},"level":"fatal","message":"Error crítico: No se pudo conectar a la base de datos","timestamp":"2024-11-06T16:54:32.354Z"}
{"context":{"userId":"123"},"level":"error","message":"Error: El sistema ha fallado","timestamp":"2024-11-06T16:54:32.385Z"}
{"context":{"userId":"123"},"level":"warn","message":"Advertencia: El uso de memoria ha superado el 80%","timestamp":"2024-11-06T16:54:32.386Z"}
{"context":{"userId":"123"},"level":"info","message":"Información general: El servidor ha iniciado correctamente","timestamp":"2024-11-06T16:54:32.388Z"}
{"context":{"method":"GET","path":"/api/v1/users","userId":"123"},"level":"http","message":"HTTP Request: GET /api/v1/users","timestamp":"2024-11-06T16:54:32.389Z"}
{"context":{"userId":"123"},"level":"debug","message":"Depuración: El usuario tiene el ID 123 y su estado es activo","timestamp":"2024-11-06T16:54:32.391Z"}
{"context":{"action":"dbConnection","userId":"123"},"level":"fatal","message":"Error crítico: No se pudo conectar a la base de datos","timestamp":"2024-11-06T16:58:50.812Z"}
{"context":{"userId":"123"},"level":"error","message":"Error: El sistema ha fallado","timestamp":"2024-11-06T16:58:50.878Z"}
{"context":{"userId":"123"},"level":"warn","message":"Advertencia: El uso de memoria ha superado el 80%","timestamp":"2024-11-06T16:58:50.880Z"}
{"context":{"userId":"123"},"level":"info","message":"Información general: El servidor ha iniciado correctamente","timestamp":"2024-11-06T16:58:50.884Z"}
{"context":{"method":"GET","path":"/api/v1/users","userId":"123"},"level":"http","message":"HTTP Request: GET /api/v1/users","timestamp":"2024-11-06T16:58:50.886Z"}
{"context":{"userId":"123"},"level":"debug","message":"Depuración: El usuario tiene el ID 123 y su estado es activo","timestamp":"2024-11-06T16:58:50.889Z"}
{"context":{"action":"dbConnection","userId":"123"},"level":"fatal","message":"Error crítico: No se pudo conectar a la base de datos","timestamp":"2024-11-06T16:59:30.278Z"}
{"context":{"userId":"123"},"level":"error","message":"Error: El sistema ha fallado","timestamp":"2024-11-06T16:59:30.301Z"}
{"context":{"userId":"123"},"level":"warn","message":"Advertencia: El uso de memoria ha superado el 80%","timestamp":"2024-11-06T16:59:30.302Z"}
{"context":{"userId":"123"},"level":"info","message":"Información general: El servidor ha iniciado correctamente","timestamp":"2024-11-06T16:59:30.303Z"}
{"context":{"method":"GET","path":"/api/v1/users","userId":"123"},"level":"http","message":"HTTP Request: GET /api/v1/users","timestamp":"2024-11-06T16:59:30.304Z"}
{"context":{"userId":"123"},"level":"debug","message":"Depuración: El usuario tiene el ID 123 y su estado es activo","timestamp":"2024-11-06T16:59:30.305Z"}
