{"context":{"action":"dbConnection","userId":"123"},"level":"fatal","message":"Error crítico: No se pudo conectar a la base de datos","timestamp":"2024-11-05T06:13:32.049Z"}
{"context":{"userId":"123"},"level":"error","message":"Error: El sistema ha fallado","timestamp":"2024-11-05T06:13:32.089Z"}
{"context":{"userId":"123"},"level":"warn","message":"Advertencia: El uso de memoria ha superado el 80%","timestamp":"2024-11-05T06:13:32.091Z"}
{"context":{"userId":"123"},"level":"info","message":"Información general: El servidor ha iniciado correctamente","timestamp":"2024-11-05T06:13:32.093Z"}
{"context":{"method":"GET","path":"/api/v1/users","userId":"123"},"level":"http","message":"HTTP Request: GET /api/v1/users","timestamp":"2024-11-05T06:13:32.096Z"}
{"context":{"userId":"123"},"level":"debug","message":"Depuración: El usuario tiene el ID 123 y su estado es activo","timestamp":"2024-11-05T06:13:32.099Z"}
{"context":{"action":"dbConnection","userId":"123"},"level":"fatal","message":"Error crítico: No se pudo conectar a la base de datos","timestamp":"2024-11-05T17:11:10.997Z"}
{"context":{"userId":"123"},"level":"error","message":"Error: El sistema ha fallado","timestamp":"2024-11-05T17:11:11.040Z"}
{"context":{"userId":"123"},"level":"warn","message":"Advertencia: El uso de memoria ha superado el 80%","timestamp":"2024-11-05T17:11:11.042Z"}
{"context":{"userId":"123"},"level":"info","message":"Información general: El servidor ha iniciado correctamente","timestamp":"2024-11-05T17:11:11.044Z"}
{"context":{"method":"GET","path":"/api/v1/users","userId":"123"},"level":"http","message":"HTTP Request: GET /api/v1/users","timestamp":"2024-11-05T17:11:11.046Z"}
{"context":{"userId":"123"},"level":"debug","message":"Depuración: El usuario tiene el ID 123 y su estado es activo","timestamp":"2024-11-05T17:11:11.048Z"}
{"context":{"action":"dbConnection","userId":"123"},"level":"fatal","message":"Error crítico: No se pudo conectar a la base de datos","timestamp":"2024-11-05T17:12:01.947Z"}
{"context":{"userId":"123"},"level":"error","message":"Error: El sistema ha fallado","timestamp":"2024-11-05T17:12:02.008Z"}
{"context":{"userId":"123"},"level":"warn","message":"Advertencia: El uso de memoria ha superado el 80%","timestamp":"2024-11-05T17:12:02.009Z"}
{"context":{"userId":"123"},"level":"info","message":"Información general: El servidor ha iniciado correctamente","timestamp":"2024-11-05T17:12:02.011Z"}
{"context":{"method":"GET","path":"/api/v1/users","userId":"123"},"level":"http","message":"HTTP Request: GET /api/v1/users","timestamp":"2024-11-05T17:12:02.012Z"}
{"context":{"userId":"123"},"level":"debug","message":"Depuración: El usuario tiene el ID 123 y su estado es activo","timestamp":"2024-11-05T17:12:02.014Z"}
{"context":{"action":"dbConnection","userId":"123"},"level":"fatal","message":"Error crítico: No se pudo conectar a la base de datos","timestamp":"2024-11-05T17:21:26.995Z"}
{"context":{"userId":"123"},"level":"error","message":"Error: El sistema ha fallado","timestamp":"2024-11-05T17:21:27.053Z"}
{"context":{"userId":"123"},"level":"warn","message":"Advertencia: El uso de memoria ha superado el 80%","timestamp":"2024-11-05T17:21:27.057Z"}
{"context":{"userId":"123"},"level":"info","message":"Información general: El servidor ha iniciado correctamente","timestamp":"2024-11-05T17:21:27.063Z"}
{"context":{"method":"GET","path":"/api/v1/users","userId":"123"},"level":"http","message":"HTTP Request: GET /api/v1/users","timestamp":"2024-11-05T17:21:27.067Z"}
{"context":{"userId":"123"},"level":"debug","message":"Depuración: El usuario tiene el ID 123 y su estado es activo","timestamp":"2024-11-05T17:21:27.074Z"}
{"context":{"action":"dbConnection","userId":"123"},"level":"fatal","message":"Error crítico: No se pudo conectar a la base de datos","timestamp":"2024-11-05T17:22:11.514Z"}
{"context":{"userId":"123"},"level":"error","message":"Error: El sistema ha fallado","timestamp":"2024-11-05T17:22:11.601Z"}
{"context":{"userId":"123"},"level":"warn","message":"Advertencia: El uso de memoria ha superado el 80%","timestamp":"2024-11-05T17:22:11.603Z"}
{"context":{"userId":"123"},"level":"info","message":"Información general: El servidor ha iniciado correctamente","timestamp":"2024-11-05T17:22:11.606Z"}
{"context":{"method":"GET","path":"/api/v1/users","userId":"123"},"level":"http","message":"HTTP Request: GET /api/v1/users","timestamp":"2024-11-05T17:22:11.608Z"}
{"context":{"userId":"123"},"level":"debug","message":"Depuración: El usuario tiene el ID 123 y su estado es activo","timestamp":"2024-11-05T17:22:11.613Z"}
{"context":{"action":"dbConnection","userId":"123"},"level":"fatal","message":"Error crítico: No se pudo conectar a la base de datos","timestamp":"2024-11-05T18:04:09.271Z"}
{"context":{"userId":"123"},"level":"error","message":"Error: El sistema ha fallado","timestamp":"2024-11-05T18:04:09.320Z"}
{"context":{"userId":"123"},"level":"warn","message":"Advertencia: El uso de memoria ha superado el 80%","timestamp":"2024-11-05T18:04:09.322Z"}
{"context":{"userId":"123"},"level":"info","message":"Información general: El servidor ha iniciado correctamente","timestamp":"2024-11-05T18:04:09.324Z"}
{"context":{"method":"GET","path":"/api/v1/users","userId":"123"},"level":"http","message":"HTTP Request: GET /api/v1/users","timestamp":"2024-11-05T18:04:09.326Z"}
{"context":{"userId":"123"},"level":"debug","message":"Depuración: El usuario tiene el ID 123 y su estado es activo","timestamp":"2024-11-05T18:04:09.328Z"}
{"context":{"action":"dbConnection","userId":"123"},"level":"fatal","message":"Error crítico: No se pudo conectar a la base de datos","timestamp":"2024-11-05T18:08:15.115Z"}
{"context":{"userId":"123"},"level":"error","message":"Error: El sistema ha fallado","timestamp":"2024-11-05T18:08:15.159Z"}
{"context":{"userId":"123"},"level":"warn","message":"Advertencia: El uso de memoria ha superado el 80%","timestamp":"2024-11-05T18:08:15.162Z"}
{"context":{"userId":"123"},"level":"info","message":"Información general: El servidor ha iniciado correctamente","timestamp":"2024-11-05T18:08:15.165Z"}
{"context":{"method":"GET","path":"/api/v1/users","userId":"123"},"level":"http","message":"HTTP Request: GET /api/v1/users","timestamp":"2024-11-05T18:08:15.168Z"}
{"context":{"userId":"123"},"level":"debug","message":"Depuración: El usuario tiene el ID 123 y su estado es activo","timestamp":"2024-11-05T18:08:15.171Z"}
{"context":{"action":"dbConnection","userId":"123"},"level":"fatal","message":"Error crítico: No se pudo conectar a la base de datos","timestamp":"2024-11-05T18:08:50.926Z"}
{"context":{"userId":"123"},"level":"error","message":"Error: El sistema ha fallado","timestamp":"2024-11-05T18:08:50.981Z"}
{"context":{"userId":"123"},"level":"warn","message":"Advertencia: El uso de memoria ha superado el 80%","timestamp":"2024-11-05T18:08:50.983Z"}
{"context":{"userId":"123"},"level":"info","message":"Información general: El servidor ha iniciado correctamente","timestamp":"2024-11-05T18:08:50.984Z"}
{"context":{"method":"GET","path":"/api/v1/users","userId":"123"},"level":"http","message":"HTTP Request: GET /api/v1/users","timestamp":"2024-11-05T18:08:50.987Z"}
{"context":{"userId":"123"},"level":"debug","message":"Depuración: El usuario tiene el ID 123 y su estado es activo","timestamp":"2024-11-05T18:08:50.990Z"}
{"context":{"action":"dbConnection","userId":"123"},"level":"fatal","message":"Error crítico: No se pudo conectar a la base de datos","timestamp":"2024-11-05T18:10:15.038Z"}
{"context":{"userId":"123"},"level":"error","message":"Error: El sistema ha fallado","timestamp":"2024-11-05T18:10:15.070Z"}
{"context":{"userId":"123"},"level":"warn","message":"Advertencia: El uso de memoria ha superado el 80%","timestamp":"2024-11-05T18:10:15.071Z"}
{"context":{"userId":"123"},"level":"info","message":"Información general: El servidor ha iniciado correctamente","timestamp":"2024-11-05T18:10:15.073Z"}
{"context":{"method":"GET","path":"/api/v1/users","userId":"123"},"level":"http","message":"HTTP Request: GET /api/v1/users","timestamp":"2024-11-05T18:10:15.074Z"}
{"context":{"userId":"123"},"level":"debug","message":"Depuración: El usuario tiene el ID 123 y su estado es activo","timestamp":"2024-11-05T18:10:15.077Z"}
{"context":{"action":"dbConnection","userId":"123"},"level":"fatal","message":"Error crítico: No se pudo conectar a la base de datos","timestamp":"2024-11-05T19:11:55.376Z"}
{"context":{"userId":"123"},"level":"error","message":"Error: El sistema ha fallado","timestamp":"2024-11-05T19:11:55.418Z"}
{"context":{"userId":"123"},"level":"warn","message":"Advertencia: El uso de memoria ha superado el 80%","timestamp":"2024-11-05T19:11:55.420Z"}
{"context":{"userId":"123"},"level":"info","message":"Información general: El servidor ha iniciado correctamente","timestamp":"2024-11-05T19:11:55.423Z"}
{"context":{"method":"GET","path":"/api/v1/users","userId":"123"},"level":"http","message":"HTTP Request: GET /api/v1/users","timestamp":"2024-11-05T19:11:55.424Z"}
{"context":{"userId":"123"},"level":"debug","message":"Depuración: El usuario tiene el ID 123 y su estado es activo","timestamp":"2024-11-05T19:11:55.427Z"}
{"context":{"action":"dbConnection","userId":"123"},"level":"fatal","message":"Error crítico: No se pudo conectar a la base de datos","timestamp":"2024-11-05T19:12:16.046Z"}
{"context":{"userId":"123"},"level":"error","message":"Error: El sistema ha fallado","timestamp":"2024-11-05T19:12:16.132Z"}
{"context":{"userId":"123"},"level":"warn","message":"Advertencia: El uso de memoria ha superado el 80%","timestamp":"2024-11-05T19:12:16.134Z"}
{"context":{"userId":"123"},"level":"info","message":"Información general: El servidor ha iniciado correctamente","timestamp":"2024-11-05T19:12:16.137Z"}
{"context":{"method":"GET","path":"/api/v1/users","userId":"123"},"level":"http","message":"HTTP Request: GET /api/v1/users","timestamp":"2024-11-05T19:12:16.140Z"}
{"context":{"userId":"123"},"level":"debug","message":"Depuración: El usuario tiene el ID 123 y su estado es activo","timestamp":"2024-11-05T19:12:16.143Z"}
{"context":{"action":"dbConnection","userId":"123"},"level":"fatal","message":"Error crítico: No se pudo conectar a la base de datos","timestamp":"2024-11-05T19:12:50.782Z"}
{"context":{"userId":"123"},"level":"error","message":"Error: El sistema ha fallado","timestamp":"2024-11-05T19:12:50.840Z"}
{"context":{"userId":"123"},"level":"warn","message":"Advertencia: El uso de memoria ha superado el 80%","timestamp":"2024-11-05T19:12:50.841Z"}
{"context":{"userId":"123"},"level":"info","message":"Información general: El servidor ha iniciado correctamente","timestamp":"2024-11-05T19:12:50.845Z"}
{"context":{"method":"GET","path":"/api/v1/users","userId":"123"},"level":"http","message":"HTTP Request: GET /api/v1/users","timestamp":"2024-11-05T19:12:50.849Z"}
{"context":{"userId":"123"},"level":"debug","message":"Depuración: El usuario tiene el ID 123 y su estado es activo","timestamp":"2024-11-05T19:12:50.852Z"}
{"context":{"action":"dbConnection","userId":"123"},"level":"fatal","message":"Error crítico: No se pudo conectar a la base de datos","timestamp":"2024-11-05T19:13:47.811Z"}
{"context":{"userId":"123"},"level":"error","message":"Error: El sistema ha fallado","timestamp":"2024-11-05T19:13:47.848Z"}
{"context":{"userId":"123"},"level":"warn","message":"Advertencia: El uso de memoria ha superado el 80%","timestamp":"2024-11-05T19:13:47.850Z"}
{"context":{"userId":"123"},"level":"info","message":"Información general: El servidor ha iniciado correctamente","timestamp":"2024-11-05T19:13:47.852Z"}
{"context":{"method":"GET","path":"/api/v1/users","userId":"123"},"level":"http","message":"HTTP Request: GET /api/v1/users","timestamp":"2024-11-05T19:13:47.854Z"}
{"context":{"userId":"123"},"level":"debug","message":"Depuración: El usuario tiene el ID 123 y su estado es activo","timestamp":"2024-11-05T19:13:47.857Z"}
{"context":{"action":"dbConnection","userId":"123"},"level":"fatal","message":"Error crítico: No se pudo conectar a la base de datos","timestamp":"2024-11-05T19:16:06.302Z"}
{"context":{"userId":"123"},"level":"error","message":"Error: El sistema ha fallado","timestamp":"2024-11-05T19:16:06.343Z"}
{"context":{"userId":"123"},"level":"warn","message":"Advertencia: El uso de memoria ha superado el 80%","timestamp":"2024-11-05T19:16:06.345Z"}
{"context":{"userId":"123"},"level":"info","message":"Información general: El servidor ha iniciado correctamente","timestamp":"2024-11-05T19:16:06.347Z"}
{"context":{"method":"GET","path":"/api/v1/users","userId":"123"},"level":"http","message":"HTTP Request: GET /api/v1/users","timestamp":"2024-11-05T19:16:06.349Z"}
{"context":{"userId":"123"},"level":"debug","message":"Depuración: El usuario tiene el ID 123 y su estado es activo","timestamp":"2024-11-05T19:16:06.351Z"}
{"context":{"action":"dbConnection","userId":"123"},"level":"fatal","message":"Error crítico: No se pudo conectar a la base de datos","timestamp":"2024-11-05T19:27:23.296Z"}
{"context":{"userId":"123"},"level":"error","message":"Error: El sistema ha fallado","timestamp":"2024-11-05T19:27:23.334Z"}
{"context":{"userId":"123"},"level":"warn","message":"Advertencia: El uso de memoria ha superado el 80%","timestamp":"2024-11-05T19:27:23.336Z"}
{"context":{"userId":"123"},"level":"info","message":"Información general: El servidor ha iniciado correctamente","timestamp":"2024-11-05T19:27:23.337Z"}
{"context":{"method":"GET","path":"/api/v1/users","userId":"123"},"level":"http","message":"HTTP Request: GET /api/v1/users","timestamp":"2024-11-05T19:27:23.339Z"}
{"context":{"userId":"123"},"level":"debug","message":"Depuración: El usuario tiene el ID 123 y su estado es activo","timestamp":"2024-11-05T19:27:23.341Z"}
{"context":{"action":"dbConnection","userId":"123"},"level":"fatal","message":"Error crítico: No se pudo conectar a la base de datos","timestamp":"2024-11-05T19:28:52.690Z"}
{"context":{"userId":"123"},"level":"error","message":"Error: El sistema ha fallado","timestamp":"2024-11-05T19:28:52.716Z"}
{"context":{"userId":"123"},"level":"warn","message":"Advertencia: El uso de memoria ha superado el 80%","timestamp":"2024-11-05T19:28:52.717Z"}
{"context":{"userId":"123"},"level":"info","message":"Información general: El servidor ha iniciado correctamente","timestamp":"2024-11-05T19:28:52.719Z"}
{"context":{"method":"GET","path":"/api/v1/users","userId":"123"},"level":"http","message":"HTTP Request: GET /api/v1/users","timestamp":"2024-11-05T19:28:52.720Z"}
{"context":{"userId":"123"},"level":"debug","message":"Depuración: El usuario tiene el ID 123 y su estado es activo","timestamp":"2024-11-05T19:28:52.721Z"}
{"context":{"action":"dbConnection","userId":"123"},"level":"fatal","message":"Error crítico: No se pudo conectar a la base de datos","timestamp":"2024-11-05T19:49:01.675Z"}
{"context":{"userId":"123"},"level":"error","message":"Error: El sistema ha fallado","timestamp":"2024-11-05T19:49:01.791Z"}
{"context":{"userId":"123"},"level":"warn","message":"Advertencia: El uso de memoria ha superado el 80%","timestamp":"2024-11-05T19:49:01.792Z"}
{"context":{"userId":"123"},"level":"info","message":"Información general: El servidor ha iniciado correctamente","timestamp":"2024-11-05T19:49:01.793Z"}
{"context":{"method":"GET","path":"/api/v1/users","userId":"123"},"level":"http","message":"HTTP Request: GET /api/v1/users","timestamp":"2024-11-05T19:49:01.793Z"}
{"context":{"userId":"123"},"level":"debug","message":"Depuración: El usuario tiene el ID 123 y su estado es activo","timestamp":"2024-11-05T19:49:01.794Z"}
{"context":{"action":"dbConnection","userId":"123"},"level":"fatal","message":"Error crítico: No se pudo conectar a la base de datos","timestamp":"2024-11-05T19:51:27.330Z"}
{"context":{"userId":"123"},"level":"error","message":"Error: El sistema ha fallado","timestamp":"2024-11-05T19:51:27.356Z"}
{"context":{"userId":"123"},"level":"warn","message":"Advertencia: El uso de memoria ha superado el 80%","timestamp":"2024-11-05T19:51:27.357Z"}
{"context":{"userId":"123"},"level":"info","message":"Información general: El servidor ha iniciado correctamente","timestamp":"2024-11-05T19:51:27.359Z"}
{"context":{"method":"GET","path":"/api/v1/users","userId":"123"},"level":"http","message":"HTTP Request: GET /api/v1/users","timestamp":"2024-11-05T19:51:27.361Z"}
{"context":{"userId":"123"},"level":"debug","message":"Depuración: El usuario tiene el ID 123 y su estado es activo","timestamp":"2024-11-05T19:51:27.363Z"}
{"context":{"action":"dbConnection","userId":"123"},"level":"fatal","message":"Error crítico: No se pudo conectar a la base de datos","timestamp":"2024-11-05T19:53:54.383Z"}
{"context":{"userId":"123"},"level":"error","message":"Error: El sistema ha fallado","timestamp":"2024-11-05T19:53:54.465Z"}
{"context":{"userId":"123"},"level":"warn","message":"Advertencia: El uso de memoria ha superado el 80%","timestamp":"2024-11-05T19:53:54.470Z"}
{"context":{"userId":"123"},"level":"info","message":"Información general: El servidor ha iniciado correctamente","timestamp":"2024-11-05T19:53:54.474Z"}
{"context":{"method":"GET","path":"/api/v1/users","userId":"123"},"level":"http","message":"HTTP Request: GET /api/v1/users","timestamp":"2024-11-05T19:53:54.478Z"}
{"context":{"userId":"123"},"level":"debug","message":"Depuración: El usuario tiene el ID 123 y su estado es activo","timestamp":"2024-11-05T19:53:54.480Z"}
{"context":{"action":"dbConnection","userId":"123"},"level":"fatal","message":"Error crítico: No se pudo conectar a la base de datos","timestamp":"2024-11-05T19:54:28.932Z"}
{"context":{"userId":"123"},"level":"error","message":"Error: El sistema ha fallado","timestamp":"2024-11-05T19:54:28.956Z"}
{"context":{"userId":"123"},"level":"warn","message":"Advertencia: El uso de memoria ha superado el 80%","timestamp":"2024-11-05T19:54:28.958Z"}
{"context":{"userId":"123"},"level":"info","message":"Información general: El servidor ha iniciado correctamente","timestamp":"2024-11-05T19:54:28.959Z"}
{"context":{"method":"GET","path":"/api/v1/users","userId":"123"},"level":"http","message":"HTTP Request: GET /api/v1/users","timestamp":"2024-11-05T19:54:28.960Z"}
{"context":{"userId":"123"},"level":"debug","message":"Depuración: El usuario tiene el ID 123 y su estado es activo","timestamp":"2024-11-05T19:54:28.961Z"}
{"context":{"action":"dbConnection","userId":"123"},"level":"fatal","message":"Error crítico: No se pudo conectar a la base de datos","timestamp":"2024-11-05T19:55:25.312Z"}
{"context":{"userId":"123"},"level":"error","message":"Error: El sistema ha fallado","timestamp":"2024-11-05T19:55:25.335Z"}
{"context":{"userId":"123"},"level":"warn","message":"Advertencia: El uso de memoria ha superado el 80%","timestamp":"2024-11-05T19:55:25.336Z"}
{"context":{"userId":"123"},"level":"info","message":"Información general: El servidor ha iniciado correctamente","timestamp":"2024-11-05T19:55:25.337Z"}
{"context":{"method":"GET","path":"/api/v1/users","userId":"123"},"level":"http","message":"HTTP Request: GET /api/v1/users","timestamp":"2024-11-05T19:55:25.338Z"}
{"context":{"userId":"123"},"level":"debug","message":"Depuración: El usuario tiene el ID 123 y su estado es activo","timestamp":"2024-11-05T19:55:25.339Z"}
{"context":{"action":"dbConnection","userId":"123"},"level":"fatal","message":"Error crítico: No se pudo conectar a la base de datos","timestamp":"2024-11-05T20:00:43.601Z"}
{"context":{"userId":"123"},"level":"error","message":"Error: El sistema ha fallado","timestamp":"2024-11-05T20:00:43.632Z"}
{"context":{"userId":"123"},"level":"warn","message":"Advertencia: El uso de memoria ha superado el 80%","timestamp":"2024-11-05T20:00:43.633Z"}
{"context":{"userId":"123"},"level":"info","message":"Información general: El servidor ha iniciado correctamente","timestamp":"2024-11-05T20:00:43.635Z"}
{"context":{"method":"GET","path":"/api/v1/users","userId":"123"},"level":"http","message":"HTTP Request: GET /api/v1/users","timestamp":"2024-11-05T20:00:43.636Z"}
{"context":{"userId":"123"},"level":"debug","message":"Depuración: El usuario tiene el ID 123 y su estado es activo","timestamp":"2024-11-05T20:00:43.638Z"}
{"context":{"action":"dbConnection","userId":"123"},"level":"fatal","message":"Error crítico: No se pudo conectar a la base de datos","timestamp":"2024-11-05T20:04:50.373Z"}
{"context":{"userId":"123"},"level":"error","message":"Error: El sistema ha fallado","timestamp":"2024-11-05T20:04:50.398Z"}
{"context":{"userId":"123"},"level":"warn","message":"Advertencia: El uso de memoria ha superado el 80%","timestamp":"2024-11-05T20:04:50.399Z"}
{"context":{"userId":"123"},"level":"info","message":"Información general: El servidor ha iniciado correctamente","timestamp":"2024-11-05T20:04:50.401Z"}
{"context":{"method":"GET","path":"/api/v1/users","userId":"123"},"level":"http","message":"HTTP Request: GET /api/v1/users","timestamp":"2024-11-05T20:04:50.402Z"}
{"context":{"userId":"123"},"level":"debug","message":"Depuración: El usuario tiene el ID 123 y su estado es activo","timestamp":"2024-11-05T20:04:50.404Z"}
{"context":{"action":"dbConnection","userId":"123"},"level":"fatal","message":"Error crítico: No se pudo conectar a la base de datos","timestamp":"2024-11-05T20:05:03.336Z"}
{"context":{"userId":"123"},"level":"error","message":"Error: El sistema ha fallado","timestamp":"2024-11-05T20:05:03.370Z"}
{"context":{"userId":"123"},"level":"warn","message":"Advertencia: El uso de memoria ha superado el 80%","timestamp":"2024-11-05T20:05:03.372Z"}
{"context":{"userId":"123"},"level":"info","message":"Información general: El servidor ha iniciado correctamente","timestamp":"2024-11-05T20:05:03.374Z"}
{"context":{"method":"GET","path":"/api/v1/users","userId":"123"},"level":"http","message":"HTTP Request: GET /api/v1/users","timestamp":"2024-11-05T20:05:03.376Z"}
{"context":{"userId":"123"},"level":"debug","message":"Depuración: El usuario tiene el ID 123 y su estado es activo","timestamp":"2024-11-05T20:05:03.378Z"}
{"context":{"action":"dbConnection","userId":"123"},"level":"fatal","message":"Error crítico: No se pudo conectar a la base de datos","timestamp":"2024-11-05T20:05:58.715Z"}
{"context":{"userId":"123"},"level":"error","message":"Error: El sistema ha fallado","timestamp":"2024-11-05T20:05:58.742Z"}
{"context":{"userId":"123"},"level":"warn","message":"Advertencia: El uso de memoria ha superado el 80%","timestamp":"2024-11-05T20:05:58.743Z"}
{"context":{"userId":"123"},"level":"info","message":"Información general: El servidor ha iniciado correctamente","timestamp":"2024-11-05T20:05:58.744Z"}
{"context":{"method":"GET","path":"/api/v1/users","userId":"123"},"level":"http","message":"HTTP Request: GET /api/v1/users","timestamp":"2024-11-05T20:05:58.745Z"}
{"context":{"userId":"123"},"level":"debug","message":"Depuración: El usuario tiene el ID 123 y su estado es activo","timestamp":"2024-11-05T20:05:58.746Z"}
{"context":{"action":"dbConnection","userId":"123"},"level":"fatal","message":"Error crítico: No se pudo conectar a la base de datos","timestamp":"2024-11-05T20:06:41.581Z"}
{"context":{"userId":"123"},"level":"error","message":"Error: El sistema ha fallado","timestamp":"2024-11-05T20:06:41.605Z"}
{"context":{"userId":"123"},"level":"warn","message":"Advertencia: El uso de memoria ha superado el 80%","timestamp":"2024-11-05T20:06:41.606Z"}
{"context":{"userId":"123"},"level":"info","message":"Información general: El servidor ha iniciado correctamente","timestamp":"2024-11-05T20:06:41.607Z"}
{"context":{"method":"GET","path":"/api/v1/users","userId":"123"},"level":"http","message":"HTTP Request: GET /api/v1/users","timestamp":"2024-11-05T20:06:41.608Z"}
{"context":{"userId":"123"},"level":"debug","message":"Depuración: El usuario tiene el ID 123 y su estado es activo","timestamp":"2024-11-05T20:06:41.609Z"}
{"context":{"action":"dbConnection","userId":"123"},"level":"fatal","message":"Error crítico: No se pudo conectar a la base de datos","timestamp":"2024-11-05T20:07:46.541Z"}
{"context":{"userId":"123"},"level":"error","message":"Error: El sistema ha fallado","timestamp":"2024-11-05T20:07:46.584Z"}
{"context":{"userId":"123"},"level":"warn","message":"Advertencia: El uso de memoria ha superado el 80%","timestamp":"2024-11-05T20:07:46.586Z"}
{"context":{"userId":"123"},"level":"info","message":"Información general: El servidor ha iniciado correctamente","timestamp":"2024-11-05T20:07:46.591Z"}
{"context":{"method":"GET","path":"/api/v1/users","userId":"123"},"level":"http","message":"HTTP Request: GET /api/v1/users","timestamp":"2024-11-05T20:07:46.594Z"}
{"context":{"userId":"123"},"level":"debug","message":"Depuración: El usuario tiene el ID 123 y su estado es activo","timestamp":"2024-11-05T20:07:46.598Z"}
{"context":{"action":"dbConnection","userId":"123"},"level":"fatal","message":"Error crítico: No se pudo conectar a la base de datos","timestamp":"2024-11-05T20:08:50.501Z"}
{"context":{"userId":"123"},"level":"error","message":"Error: El sistema ha fallado","timestamp":"2024-11-05T20:08:50.524Z"}
{"context":{"userId":"123"},"level":"warn","message":"Advertencia: El uso de memoria ha superado el 80%","timestamp":"2024-11-05T20:08:50.525Z"}
{"context":{"userId":"123"},"level":"info","message":"Información general: El servidor ha iniciado correctamente","timestamp":"2024-11-05T20:08:50.527Z"}
{"context":{"method":"GET","path":"/api/v1/users","userId":"123"},"level":"http","message":"HTTP Request: GET /api/v1/users","timestamp":"2024-11-05T20:08:50.527Z"}
{"context":{"userId":"123"},"level":"debug","message":"Depuración: El usuario tiene el ID 123 y su estado es activo","timestamp":"2024-11-05T20:08:50.529Z"}
{"context":{"action":"dbConnection","userId":"123"},"level":"fatal","message":"Error crítico: No se pudo conectar a la base de datos","timestamp":"2024-11-05T20:09:05.219Z"}
{"context":{"userId":"123"},"level":"error","message":"Error: El sistema ha fallado","timestamp":"2024-11-05T20:09:05.254Z"}
{"context":{"userId":"123"},"level":"warn","message":"Advertencia: El uso de memoria ha superado el 80%","timestamp":"2024-11-05T20:09:05.256Z"}
{"context":{"userId":"123"},"level":"info","message":"Información general: El servidor ha iniciado correctamente","timestamp":"2024-11-05T20:09:05.258Z"}
{"context":{"method":"GET","path":"/api/v1/users","userId":"123"},"level":"http","message":"HTTP Request: GET /api/v1/users","timestamp":"2024-11-05T20:09:05.260Z"}
{"context":{"userId":"123"},"level":"debug","message":"Depuración: El usuario tiene el ID 123 y su estado es activo","timestamp":"2024-11-05T20:09:05.261Z"}
{"context":{"action":"dbConnection","userId":"123"},"level":"fatal","message":"Error crítico: No se pudo conectar a la base de datos","timestamp":"2024-11-05T20:09:24.258Z"}
{"context":{"userId":"123"},"level":"error","message":"Error: El sistema ha fallado","timestamp":"2024-11-05T20:09:24.280Z"}
{"context":{"userId":"123"},"level":"warn","message":"Advertencia: El uso de memoria ha superado el 80%","timestamp":"2024-11-05T20:09:24.281Z"}
{"context":{"userId":"123"},"level":"info","message":"Información general: El servidor ha iniciado correctamente","timestamp":"2024-11-05T20:09:24.283Z"}
{"context":{"method":"GET","path":"/api/v1/users","userId":"123"},"level":"http","message":"HTTP Request: GET /api/v1/users","timestamp":"2024-11-05T20:09:24.284Z"}
{"context":{"userId":"123"},"level":"debug","message":"Depuración: El usuario tiene el ID 123 y su estado es activo","timestamp":"2024-11-05T20:09:24.285Z"}
{"context":{"action":"dbConnection","userId":"123"},"level":"fatal","message":"Error crítico: No se pudo conectar a la base de datos","timestamp":"2024-11-05T20:10:10.005Z"}
{"context":{"userId":"123"},"level":"error","message":"Error: El sistema ha fallado","timestamp":"2024-11-05T20:10:10.028Z"}
{"context":{"userId":"123"},"level":"warn","message":"Advertencia: El uso de memoria ha superado el 80%","timestamp":"2024-11-05T20:10:10.029Z"}
{"context":{"userId":"123"},"level":"info","message":"Información general: El servidor ha iniciado correctamente","timestamp":"2024-11-05T20:10:10.030Z"}
{"context":{"method":"GET","path":"/api/v1/users","userId":"123"},"level":"http","message":"HTTP Request: GET /api/v1/users","timestamp":"2024-11-05T20:10:10.031Z"}
{"context":{"userId":"123"},"level":"debug","message":"Depuración: El usuario tiene el ID 123 y su estado es activo","timestamp":"2024-11-05T20:10:10.032Z"}
{"context":{"action":"dbConnection","userId":"123"},"level":"fatal","message":"Error crítico: No se pudo conectar a la base de datos","timestamp":"2024-11-05T20:11:25.085Z"}
{"context":{"userId":"123"},"level":"error","message":"Error: El sistema ha fallado","timestamp":"2024-11-05T20:11:25.114Z"}
{"context":{"userId":"123"},"level":"warn","message":"Advertencia: El uso de memoria ha superado el 80%","timestamp":"2024-11-05T20:11:25.115Z"}
{"context":{"userId":"123"},"level":"info","message":"Información general: El servidor ha iniciado correctamente","timestamp":"2024-11-05T20:11:25.118Z"}
{"context":{"method":"GET","path":"/api/v1/users","userId":"123"},"level":"http","message":"HTTP Request: GET /api/v1/users","timestamp":"2024-11-05T20:11:25.122Z"}
{"context":{"userId":"123"},"level":"debug","message":"Depuración: El usuario tiene el ID 123 y su estado es activo","timestamp":"2024-11-05T20:11:25.123Z"}
{"context":{"action":"dbConnection","userId":"123"},"level":"fatal","message":"Error crítico: No se pudo conectar a la base de datos","timestamp":"2024-11-05T20:11:49.749Z"}
{"context":{"userId":"123"},"level":"error","message":"Error: El sistema ha fallado","timestamp":"2024-11-05T20:11:49.772Z"}
{"context":{"userId":"123"},"level":"warn","message":"Advertencia: El uso de memoria ha superado el 80%","timestamp":"2024-11-05T20:11:49.774Z"}
{"context":{"userId":"123"},"level":"info","message":"Información general: El servidor ha iniciado correctamente","timestamp":"2024-11-05T20:11:49.775Z"}
{"context":{"method":"GET","path":"/api/v1/users","userId":"123"},"level":"http","message":"HTTP Request: GET /api/v1/users","timestamp":"2024-11-05T20:11:49.776Z"}
{"context":{"userId":"123"},"level":"debug","message":"Depuración: El usuario tiene el ID 123 y su estado es activo","timestamp":"2024-11-05T20:11:49.780Z"}
{"context":{"action":"dbConnection","userId":"123"},"level":"fatal","message":"Error crítico: No se pudo conectar a la base de datos","timestamp":"2024-11-05T20:12:02.260Z"}
{"context":{"userId":"123"},"level":"error","message":"Error: El sistema ha fallado","timestamp":"2024-11-05T20:12:02.342Z"}
{"context":{"userId":"123"},"level":"warn","message":"Advertencia: El uso de memoria ha superado el 80%","timestamp":"2024-11-05T20:12:02.346Z"}
{"context":{"userId":"123"},"level":"info","message":"Información general: El servidor ha iniciado correctamente","timestamp":"2024-11-05T20:12:02.348Z"}
{"context":{"method":"GET","path":"/api/v1/users","userId":"123"},"level":"http","message":"HTTP Request: GET /api/v1/users","timestamp":"2024-11-05T20:12:02.351Z"}
{"context":{"userId":"123"},"level":"debug","message":"Depuración: El usuario tiene el ID 123 y su estado es activo","timestamp":"2024-11-05T20:12:02.357Z"}
{"context":{"action":"dbConnection","userId":"123"},"level":"fatal","message":"Error crítico: No se pudo conectar a la base de datos","timestamp":"2024-11-05T20:14:03.466Z"}
{"context":{"userId":"123"},"level":"error","message":"Error: El sistema ha fallado","timestamp":"2024-11-05T20:14:03.489Z"}
{"context":{"userId":"123"},"level":"warn","message":"Advertencia: El uso de memoria ha superado el 80%","timestamp":"2024-11-05T20:14:03.490Z"}
{"context":{"userId":"123"},"level":"info","message":"Información general: El servidor ha iniciado correctamente","timestamp":"2024-11-05T20:14:03.491Z"}
{"context":{"method":"GET","path":"/api/v1/users","userId":"123"},"level":"http","message":"HTTP Request: GET /api/v1/users","timestamp":"2024-11-05T20:14:03.492Z"}
{"context":{"userId":"123"},"level":"debug","message":"Depuración: El usuario tiene el ID 123 y su estado es activo","timestamp":"2024-11-05T20:14:03.493Z"}
{"context":{"action":"dbConnection","userId":"123"},"level":"fatal","message":"Error crítico: No se pudo conectar a la base de datos","timestamp":"2024-11-05T20:14:59.919Z"}
{"context":{"userId":"123"},"level":"error","message":"Error: El sistema ha fallado","timestamp":"2024-11-05T20:14:59.948Z"}
{"context":{"userId":"123"},"level":"warn","message":"Advertencia: El uso de memoria ha superado el 80%","timestamp":"2024-11-05T20:14:59.949Z"}
{"context":{"userId":"123"},"level":"info","message":"Información general: El servidor ha iniciado correctamente","timestamp":"2024-11-05T20:14:59.951Z"}
{"context":{"method":"GET","path":"/api/v1/users","userId":"123"},"level":"http","message":"HTTP Request: GET /api/v1/users","timestamp":"2024-11-05T20:14:59.952Z"}
{"context":{"userId":"123"},"level":"debug","message":"Depuración: El usuario tiene el ID 123 y su estado es activo","timestamp":"2024-11-05T20:14:59.953Z"}
{"context":{"action":"dbConnection","userId":"123"},"level":"fatal","message":"Error crítico: No se pudo conectar a la base de datos","timestamp":"2024-11-05T20:15:36.080Z"}
{"context":{"userId":"123"},"level":"error","message":"Error: El sistema ha fallado","timestamp":"2024-11-05T20:15:36.134Z"}
{"context":{"userId":"123"},"level":"warn","message":"Advertencia: El uso de memoria ha superado el 80%","timestamp":"2024-11-05T20:15:36.136Z"}
{"context":{"userId":"123"},"level":"info","message":"Información general: El servidor ha iniciado correctamente","timestamp":"2024-11-05T20:15:36.138Z"}
{"context":{"method":"GET","path":"/api/v1/users","userId":"123"},"level":"http","message":"HTTP Request: GET /api/v1/users","timestamp":"2024-11-05T20:15:36.139Z"}
{"context":{"userId":"123"},"level":"debug","message":"Depuración: El usuario tiene el ID 123 y su estado es activo","timestamp":"2024-11-05T20:15:36.141Z"}
{"context":{"action":"dbConnection","userId":"123"},"level":"fatal","message":"Error crítico: No se pudo conectar a la base de datos","timestamp":"2024-11-05T20:15:50.742Z"}
{"context":{"userId":"123"},"level":"error","message":"Error: El sistema ha fallado","timestamp":"2024-11-05T20:15:50.769Z"}
{"context":{"userId":"123"},"level":"warn","message":"Advertencia: El uso de memoria ha superado el 80%","timestamp":"2024-11-05T20:15:50.770Z"}
{"context":{"userId":"123"},"level":"info","message":"Información general: El servidor ha iniciado correctamente","timestamp":"2024-11-05T20:15:50.771Z"}
{"context":{"method":"GET","path":"/api/v1/users","userId":"123"},"level":"http","message":"HTTP Request: GET /api/v1/users","timestamp":"2024-11-05T20:15:50.772Z"}
{"context":{"userId":"123"},"level":"debug","message":"Depuración: El usuario tiene el ID 123 y su estado es activo","timestamp":"2024-11-05T20:15:50.781Z"}
{"context":{"action":"dbConnection","userId":"123"},"level":"fatal","message":"Error crítico: No se pudo conectar a la base de datos","timestamp":"2024-11-05T20:17:07.032Z"}
{"context":{"userId":"123"},"level":"error","message":"Error: El sistema ha fallado","timestamp":"2024-11-05T20:17:07.064Z"}
{"context":{"userId":"123"},"level":"warn","message":"Advertencia: El uso de memoria ha superado el 80%","timestamp":"2024-11-05T20:17:07.065Z"}
{"context":{"userId":"123"},"level":"info","message":"Información general: El servidor ha iniciado correctamente","timestamp":"2024-11-05T20:17:07.068Z"}
{"context":{"method":"GET","path":"/api/v1/users","userId":"123"},"level":"http","message":"HTTP Request: GET /api/v1/users","timestamp":"2024-11-05T20:17:07.069Z"}
{"context":{"userId":"123"},"level":"debug","message":"Depuración: El usuario tiene el ID 123 y su estado es activo","timestamp":"2024-11-05T20:17:07.070Z"}
{"context":{"action":"dbConnection","userId":"123"},"level":"fatal","message":"Error crítico: No se pudo conectar a la base de datos","timestamp":"2024-11-05T20:20:07.618Z"}
{"context":{"userId":"123"},"level":"error","message":"Error: El sistema ha fallado","timestamp":"2024-11-05T20:20:07.643Z"}
{"context":{"userId":"123"},"level":"warn","message":"Advertencia: El uso de memoria ha superado el 80%","timestamp":"2024-11-05T20:20:07.645Z"}
{"context":{"userId":"123"},"level":"info","message":"Información general: El servidor ha iniciado correctamente","timestamp":"2024-11-05T20:20:07.647Z"}
{"context":{"method":"GET","path":"/api/v1/users","userId":"123"},"level":"http","message":"HTTP Request: GET /api/v1/users","timestamp":"2024-11-05T20:20:07.648Z"}
{"context":{"userId":"123"},"level":"debug","message":"Depuración: El usuario tiene el ID 123 y su estado es activo","timestamp":"2024-11-05T20:20:07.649Z"}
{"context":{"action":"dbConnection","userId":"123"},"level":"fatal","message":"Error crítico: No se pudo conectar a la base de datos","timestamp":"2024-11-05T20:20:16.483Z"}
{"context":{"userId":"123"},"level":"error","message":"Error: El sistema ha fallado","timestamp":"2024-11-05T20:20:16.512Z"}
{"context":{"userId":"123"},"level":"warn","message":"Advertencia: El uso de memoria ha superado el 80%","timestamp":"2024-11-05T20:20:16.513Z"}
{"context":{"userId":"123"},"level":"info","message":"Información general: El servidor ha iniciado correctamente","timestamp":"2024-11-05T20:20:16.514Z"}
{"context":{"method":"GET","path":"/api/v1/users","userId":"123"},"level":"http","message":"HTTP Request: GET /api/v1/users","timestamp":"2024-11-05T20:20:16.515Z"}
{"context":{"userId":"123"},"level":"debug","message":"Depuración: El usuario tiene el ID 123 y su estado es activo","timestamp":"2024-11-05T20:20:16.516Z"}
{"context":{"action":"dbConnection","userId":"123"},"level":"fatal","message":"Error crítico: No se pudo conectar a la base de datos","timestamp":"2024-11-05T20:20:32.633Z"}
{"context":{"userId":"123"},"level":"error","message":"Error: El sistema ha fallado","timestamp":"2024-11-05T20:20:32.659Z"}
{"context":{"userId":"123"},"level":"warn","message":"Advertencia: El uso de memoria ha superado el 80%","timestamp":"2024-11-05T20:20:32.665Z"}
{"context":{"userId":"123"},"level":"info","message":"Información general: El servidor ha iniciado correctamente","timestamp":"2024-11-05T20:20:32.668Z"}
{"context":{"method":"GET","path":"/api/v1/users","userId":"123"},"level":"http","message":"HTTP Request: GET /api/v1/users","timestamp":"2024-11-05T20:20:32.669Z"}
{"context":{"userId":"123"},"level":"debug","message":"Depuración: El usuario tiene el ID 123 y su estado es activo","timestamp":"2024-11-05T20:20:32.671Z"}
{"context":{"action":"dbConnection","userId":"123"},"level":"fatal","message":"Error crítico: No se pudo conectar a la base de datos","timestamp":"2024-11-05T20:22:05.121Z"}
{"context":{"userId":"123"},"level":"error","message":"Error: El sistema ha fallado","timestamp":"2024-11-05T20:22:05.144Z"}
{"context":{"userId":"123"},"level":"warn","message":"Advertencia: El uso de memoria ha superado el 80%","timestamp":"2024-11-05T20:22:05.145Z"}
{"context":{"userId":"123"},"level":"info","message":"Información general: El servidor ha iniciado correctamente","timestamp":"2024-11-05T20:22:05.147Z"}
{"context":{"method":"GET","path":"/api/v1/users","userId":"123"},"level":"http","message":"HTTP Request: GET /api/v1/users","timestamp":"2024-11-05T20:22:05.148Z"}
{"context":{"userId":"123"},"level":"debug","message":"Depuración: El usuario tiene el ID 123 y su estado es activo","timestamp":"2024-11-05T20:22:05.150Z"}
{"context":{"action":"dbConnection","userId":"123"},"level":"fatal","message":"Error crítico: No se pudo conectar a la base de datos","timestamp":"2024-11-05T20:25:23.729Z"}
{"context":{"userId":"123"},"level":"error","message":"Error: El sistema ha fallado","timestamp":"2024-11-05T20:25:23.765Z"}
{"context":{"userId":"123"},"level":"warn","message":"Advertencia: El uso de memoria ha superado el 80%","timestamp":"2024-11-05T20:25:23.767Z"}
{"context":{"userId":"123"},"level":"info","message":"Información general: El servidor ha iniciado correctamente","timestamp":"2024-11-05T20:25:23.776Z"}
{"context":{"method":"GET","path":"/api/v1/users","userId":"123"},"level":"http","message":"HTTP Request: GET /api/v1/users","timestamp":"2024-11-05T20:25:23.777Z"}
{"context":{"userId":"123"},"level":"debug","message":"Depuración: El usuario tiene el ID 123 y su estado es activo","timestamp":"2024-11-05T20:25:23.780Z"}
{"context":{"action":"dbConnection","userId":"123"},"level":"fatal","message":"Error crítico: No se pudo conectar a la base de datos","timestamp":"2024-11-05T20:25:36.534Z"}
{"context":{"userId":"123"},"level":"error","message":"Error: El sistema ha fallado","timestamp":"2024-11-05T20:25:36.561Z"}
{"context":{"userId":"123"},"level":"warn","message":"Advertencia: El uso de memoria ha superado el 80%","timestamp":"2024-11-05T20:25:36.562Z"}
{"context":{"userId":"123"},"level":"info","message":"Información general: El servidor ha iniciado correctamente","timestamp":"2024-11-05T20:25:36.564Z"}
{"context":{"method":"GET","path":"/api/v1/users","userId":"123"},"level":"http","message":"HTTP Request: GET /api/v1/users","timestamp":"2024-11-05T20:25:36.565Z"}
{"context":{"userId":"123"},"level":"debug","message":"Depuración: El usuario tiene el ID 123 y su estado es activo","timestamp":"2024-11-05T20:25:36.566Z"}
{"context":{"action":"dbConnection","userId":"123"},"level":"fatal","message":"Error crítico: No se pudo conectar a la base de datos","timestamp":"2024-11-05T20:25:44.988Z"}
{"context":{"userId":"123"},"level":"error","message":"Error: El sistema ha fallado","timestamp":"2024-11-05T20:25:45.018Z"}
{"context":{"userId":"123"},"level":"warn","message":"Advertencia: El uso de memoria ha superado el 80%","timestamp":"2024-11-05T20:25:45.019Z"}
{"context":{"userId":"123"},"level":"info","message":"Información general: El servidor ha iniciado correctamente","timestamp":"2024-11-05T20:25:45.021Z"}
{"context":{"method":"GET","path":"/api/v1/users","userId":"123"},"level":"http","message":"HTTP Request: GET /api/v1/users","timestamp":"2024-11-05T20:25:45.023Z"}
{"context":{"userId":"123"},"level":"debug","message":"Depuración: El usuario tiene el ID 123 y su estado es activo","timestamp":"2024-11-05T20:25:45.025Z"}
{"context":{"action":"dbConnection","userId":"123"},"level":"fatal","message":"Error crítico: No se pudo conectar a la base de datos","timestamp":"2024-11-05T20:26:04.961Z"}
{"context":{"userId":"123"},"level":"error","message":"Error: El sistema ha fallado","timestamp":"2024-11-05T20:26:04.985Z"}
{"context":{"userId":"123"},"level":"warn","message":"Advertencia: El uso de memoria ha superado el 80%","timestamp":"2024-11-05T20:26:04.986Z"}
{"context":{"userId":"123"},"level":"info","message":"Información general: El servidor ha iniciado correctamente","timestamp":"2024-11-05T20:26:04.988Z"}
{"context":{"method":"GET","path":"/api/v1/users","userId":"123"},"level":"http","message":"HTTP Request: GET /api/v1/users","timestamp":"2024-11-05T20:26:04.989Z"}
{"context":{"userId":"123"},"level":"debug","message":"Depuración: El usuario tiene el ID 123 y su estado es activo","timestamp":"2024-11-05T20:26:04.991Z"}
{"context":{"action":"dbConnection","userId":"123"},"level":"fatal","message":"Error crítico: No se pudo conectar a la base de datos","timestamp":"2024-11-05T20:26:53.602Z"}
{"context":{"userId":"123"},"level":"error","message":"Error: El sistema ha fallado","timestamp":"2024-11-05T20:26:53.625Z"}
{"context":{"userId":"123"},"level":"warn","message":"Advertencia: El uso de memoria ha superado el 80%","timestamp":"2024-11-05T20:26:53.626Z"}
{"context":{"userId":"123"},"level":"info","message":"Información general: El servidor ha iniciado correctamente","timestamp":"2024-11-05T20:26:53.627Z"}
{"context":{"method":"GET","path":"/api/v1/users","userId":"123"},"level":"http","message":"HTTP Request: GET /api/v1/users","timestamp":"2024-11-05T20:26:53.628Z"}
{"context":{"userId":"123"},"level":"debug","message":"Depuración: El usuario tiene el ID 123 y su estado es activo","timestamp":"2024-11-05T20:26:53.629Z"}
{"context":{"action":"dbConnection","userId":"123"},"level":"fatal","message":"Error crítico: No se pudo conectar a la base de datos","timestamp":"2024-11-05T20:27:43.978Z"}
{"context":{"userId":"123"},"level":"error","message":"Error: El sistema ha fallado","timestamp":"2024-11-05T20:27:44.022Z"}
{"context":{"userId":"123"},"level":"warn","message":"Advertencia: El uso de memoria ha superado el 80%","timestamp":"2024-11-05T20:27:44.024Z"}
{"context":{"userId":"123"},"level":"info","message":"Información general: El servidor ha iniciado correctamente","timestamp":"2024-11-05T20:27:44.026Z"}
{"context":{"method":"GET","path":"/api/v1/users","userId":"123"},"level":"http","message":"HTTP Request: GET /api/v1/users","timestamp":"2024-11-05T20:27:44.028Z"}
{"context":{"userId":"123"},"level":"debug","message":"Depuración: El usuario tiene el ID 123 y su estado es activo","timestamp":"2024-11-05T20:27:44.032Z"}
{"context":{"action":"dbConnection","userId":"123"},"level":"fatal","message":"Error crítico: No se pudo conectar a la base de datos","timestamp":"2024-11-05T20:28:12.909Z"}
{"context":{"userId":"123"},"level":"error","message":"Error: El sistema ha fallado","timestamp":"2024-11-05T20:28:13.120Z"}
{"context":{"userId":"123"},"level":"warn","message":"Advertencia: El uso de memoria ha superado el 80%","timestamp":"2024-11-05T20:28:13.171Z"}
{"context":{"userId":"123"},"level":"info","message":"Información general: El servidor ha iniciado correctamente","timestamp":"2024-11-05T20:28:13.198Z"}
{"context":{"method":"GET","path":"/api/v1/users","userId":"123"},"level":"http","message":"HTTP Request: GET /api/v1/users","timestamp":"2024-11-05T20:28:13.199Z"}
{"context":{"userId":"123"},"level":"debug","message":"Depuración: El usuario tiene el ID 123 y su estado es activo","timestamp":"2024-11-05T20:28:13.203Z"}
{"context":{"action":"dbConnection","userId":"123"},"level":"fatal","message":"Error crítico: No se pudo conectar a la base de datos","timestamp":"2024-11-05T20:28:29.652Z"}
{"context":{"userId":"123"},"level":"error","message":"Error: El sistema ha fallado","timestamp":"2024-11-05T20:28:29.684Z"}
{"context":{"userId":"123"},"level":"warn","message":"Advertencia: El uso de memoria ha superado el 80%","timestamp":"2024-11-05T20:28:29.685Z"}
{"context":{"userId":"123"},"level":"info","message":"Información general: El servidor ha iniciado correctamente","timestamp":"2024-11-05T20:28:29.686Z"}
{"context":{"method":"GET","path":"/api/v1/users","userId":"123"},"level":"http","message":"HTTP Request: GET /api/v1/users","timestamp":"2024-11-05T20:28:29.687Z"}
{"context":{"userId":"123"},"level":"debug","message":"Depuración: El usuario tiene el ID 123 y su estado es activo","timestamp":"2024-11-05T20:28:29.688Z"}
{"context":{"action":"dbConnection","userId":"123"},"level":"fatal","message":"Error crítico: No se pudo conectar a la base de datos","timestamp":"2024-11-05T20:28:52.408Z"}
{"context":{"userId":"123"},"level":"error","message":"Error: El sistema ha fallado","timestamp":"2024-11-05T20:28:52.435Z"}
{"context":{"userId":"123"},"level":"warn","message":"Advertencia: El uso de memoria ha superado el 80%","timestamp":"2024-11-05T20:28:52.436Z"}
{"context":{"userId":"123"},"level":"info","message":"Información general: El servidor ha iniciado correctamente","timestamp":"2024-11-05T20:28:52.438Z"}
{"context":{"method":"GET","path":"/api/v1/users","userId":"123"},"level":"http","message":"HTTP Request: GET /api/v1/users","timestamp":"2024-11-05T20:28:52.439Z"}
{"context":{"userId":"123"},"level":"debug","message":"Depuración: El usuario tiene el ID 123 y su estado es activo","timestamp":"2024-11-05T20:28:52.440Z"}
{"context":{"action":"dbConnection","userId":"123"},"level":"fatal","message":"Error crítico: No se pudo conectar a la base de datos","timestamp":"2024-11-05T20:29:41.899Z"}
{"context":{"userId":"123"},"level":"error","message":"Error: El sistema ha fallado","timestamp":"2024-11-05T20:29:41.921Z"}
{"context":{"userId":"123"},"level":"warn","message":"Advertencia: El uso de memoria ha superado el 80%","timestamp":"2024-11-05T20:29:41.922Z"}
{"context":{"userId":"123"},"level":"info","message":"Información general: El servidor ha iniciado correctamente","timestamp":"2024-11-05T20:29:41.924Z"}
{"context":{"method":"GET","path":"/api/v1/users","userId":"123"},"level":"http","message":"HTTP Request: GET /api/v1/users","timestamp":"2024-11-05T20:29:41.924Z"}
{"context":{"userId":"123"},"level":"debug","message":"Depuración: El usuario tiene el ID 123 y su estado es activo","timestamp":"2024-11-05T20:29:41.926Z"}
{"context":{"action":"dbConnection","userId":"123"},"level":"fatal","message":"Error crítico: No se pudo conectar a la base de datos","timestamp":"2024-11-05T20:31:42.519Z"}
{"context":{"userId":"123"},"level":"error","message":"Error: El sistema ha fallado","timestamp":"2024-11-05T20:31:42.545Z"}
{"context":{"userId":"123"},"level":"warn","message":"Advertencia: El uso de memoria ha superado el 80%","timestamp":"2024-11-05T20:31:42.546Z"}
{"context":{"userId":"123"},"level":"info","message":"Información general: El servidor ha iniciado correctamente","timestamp":"2024-11-05T20:31:42.547Z"}
{"context":{"method":"GET","path":"/api/v1/users","userId":"123"},"level":"http","message":"HTTP Request: GET /api/v1/users","timestamp":"2024-11-05T20:31:42.548Z"}
{"context":{"userId":"123"},"level":"debug","message":"Depuración: El usuario tiene el ID 123 y su estado es activo","timestamp":"2024-11-05T20:31:42.549Z"}
{"context":{"action":"dbConnection","userId":"123"},"level":"fatal","message":"Error crítico: No se pudo conectar a la base de datos","timestamp":"2024-11-05T20:35:37.959Z"}
{"context":{"userId":"123"},"level":"error","message":"Error: El sistema ha fallado","timestamp":"2024-11-05T20:35:37.999Z"}
{"context":{"userId":"123"},"level":"warn","message":"Advertencia: El uso de memoria ha superado el 80%","timestamp":"2024-11-05T20:35:38.002Z"}
{"context":{"userId":"123"},"level":"info","message":"Información general: El servidor ha iniciado correctamente","timestamp":"2024-11-05T20:35:38.006Z"}
{"context":{"method":"GET","path":"/api/v1/users","userId":"123"},"level":"http","message":"HTTP Request: GET /api/v1/users","timestamp":"2024-11-05T20:35:38.007Z"}
{"context":{"userId":"123"},"level":"debug","message":"Depuración: El usuario tiene el ID 123 y su estado es activo","timestamp":"2024-11-05T20:35:38.009Z"}
{"context":{"action":"dbConnection","userId":"123"},"level":"fatal","message":"Error crítico: No se pudo conectar a la base de datos","timestamp":"2024-11-05T20:36:08.314Z"}
{"context":{"userId":"123"},"level":"error","message":"Error: El sistema ha fallado","timestamp":"2024-11-05T20:36:08.336Z"}
{"context":{"userId":"123"},"level":"warn","message":"Advertencia: El uso de memoria ha superado el 80%","timestamp":"2024-11-05T20:36:08.337Z"}
{"context":{"userId":"123"},"level":"info","message":"Información general: El servidor ha iniciado correctamente","timestamp":"2024-11-05T20:36:08.339Z"}
{"context":{"method":"GET","path":"/api/v1/users","userId":"123"},"level":"http","message":"HTTP Request: GET /api/v1/users","timestamp":"2024-11-05T20:36:08.340Z"}
{"context":{"userId":"123"},"level":"debug","message":"Depuración: El usuario tiene el ID 123 y su estado es activo","timestamp":"2024-11-05T20:36:08.341Z"}
{"context":{"action":"dbConnection","userId":"123"},"level":"fatal","message":"Error crítico: No se pudo conectar a la base de datos","timestamp":"2024-11-05T20:36:51.961Z"}
{"context":{"userId":"123"},"level":"error","message":"Error: El sistema ha fallado","timestamp":"2024-11-05T20:36:51.983Z"}
{"context":{"userId":"123"},"level":"warn","message":"Advertencia: El uso de memoria ha superado el 80%","timestamp":"2024-11-05T20:36:51.984Z"}
{"context":{"userId":"123"},"level":"info","message":"Información general: El servidor ha iniciado correctamente","timestamp":"2024-11-05T20:36:51.986Z"}
{"context":{"method":"GET","path":"/api/v1/users","userId":"123"},"level":"http","message":"HTTP Request: GET /api/v1/users","timestamp":"2024-11-05T20:36:51.987Z"}
{"context":{"userId":"123"},"level":"debug","message":"Depuración: El usuario tiene el ID 123 y su estado es activo","timestamp":"2024-11-05T20:36:51.988Z"}
{"context":{"action":"dbConnection","userId":"123"},"level":"fatal","message":"Error crítico: No se pudo conectar a la base de datos","timestamp":"2024-11-05T20:43:46.771Z"}
{"context":{"userId":"123"},"level":"error","message":"Error: El sistema ha fallado","timestamp":"2024-11-05T20:43:46.796Z"}
{"context":{"userId":"123"},"level":"warn","message":"Advertencia: El uso de memoria ha superado el 80%","timestamp":"2024-11-05T20:43:46.797Z"}
{"context":{"userId":"123"},"level":"info","message":"Información general: El servidor ha iniciado correctamente","timestamp":"2024-11-05T20:43:46.798Z"}
{"context":{"method":"GET","path":"/api/v1/users","userId":"123"},"level":"http","message":"HTTP Request: GET /api/v1/users","timestamp":"2024-11-05T20:43:46.799Z"}
{"context":{"userId":"123"},"level":"debug","message":"Depuración: El usuario tiene el ID 123 y su estado es activo","timestamp":"2024-11-05T20:43:46.800Z"}
{"context":{"action":"dbConnection","userId":"123"},"level":"fatal","message":"Error crítico: No se pudo conectar a la base de datos","timestamp":"2024-11-05T22:55:21.025Z"}
{"context":{"userId":"123"},"level":"error","message":"Error: El sistema ha fallado","timestamp":"2024-11-05T22:55:21.057Z"}
{"context":{"userId":"123"},"level":"warn","message":"Advertencia: El uso de memoria ha superado el 80%","timestamp":"2024-11-05T22:55:21.059Z"}
{"context":{"userId":"123"},"level":"info","message":"Información general: El servidor ha iniciado correctamente","timestamp":"2024-11-05T22:55:21.061Z"}
{"context":{"method":"GET","path":"/api/v1/users","userId":"123"},"level":"http","message":"HTTP Request: GET /api/v1/users","timestamp":"2024-11-05T22:55:21.063Z"}
{"context":{"userId":"123"},"level":"debug","message":"Depuración: El usuario tiene el ID 123 y su estado es activo","timestamp":"2024-11-05T22:55:21.065Z"}
{"context":{"action":"dbConnection","userId":"123"},"level":"fatal","message":"Error crítico: No se pudo conectar a la base de datos","timestamp":"2024-11-05T22:57:53.902Z"}
{"context":{"userId":"123"},"level":"error","message":"Error: El sistema ha fallado","timestamp":"2024-11-05T22:57:53.950Z"}
{"context":{"userId":"123"},"level":"warn","message":"Advertencia: El uso de memoria ha superado el 80%","timestamp":"2024-11-05T22:57:53.952Z"}
{"context":{"userId":"123"},"level":"info","message":"Información general: El servidor ha iniciado correctamente","timestamp":"2024-11-05T22:57:53.954Z"}
{"context":{"method":"GET","path":"/api/v1/users","userId":"123"},"level":"http","message":"HTTP Request: GET /api/v1/users","timestamp":"2024-11-05T22:57:54.003Z"}
{"context":{"userId":"123"},"level":"debug","message":"Depuración: El usuario tiene el ID 123 y su estado es activo","timestamp":"2024-11-05T22:57:54.007Z"}
{"context":{"action":"dbConnection","userId":"123"},"level":"fatal","message":"Error crítico: No se pudo conectar a la base de datos","timestamp":"2024-11-05T23:03:56.890Z"}
{"context":{"userId":"123"},"level":"error","message":"Error: El sistema ha fallado","timestamp":"2024-11-05T23:03:56.922Z"}
{"context":{"userId":"123"},"level":"warn","message":"Advertencia: El uso de memoria ha superado el 80%","timestamp":"2024-11-05T23:03:56.924Z"}
{"context":{"userId":"123"},"level":"info","message":"Información general: El servidor ha iniciado correctamente","timestamp":"2024-11-05T23:03:56.926Z"}
{"context":{"method":"GET","path":"/api/v1/users","userId":"123"},"level":"http","message":"HTTP Request: GET /api/v1/users","timestamp":"2024-11-05T23:03:56.927Z"}
{"context":{"userId":"123"},"level":"debug","message":"Depuración: El usuario tiene el ID 123 y su estado es activo","timestamp":"2024-11-05T23:03:56.930Z"}
