{"context":{"action":"dbConnection","userId":"123"},"level":"fatal","message":"Error crítico: No se pudo conectar a la base de datos","timestamp":"2024-11-14T21:22:33.331Z"}
{"context":{"userId":"123"},"level":"error","message":"Error: El sistema ha fallado","timestamp":"2024-11-14T21:22:33.487Z"}
{"context":{"userId":"123"},"level":"warn","message":"Advertencia: El uso de memoria ha superado el 80%","timestamp":"2024-11-14T21:22:33.488Z"}
{"context":{"userId":"123"},"level":"info","message":"Información general: El servidor ha iniciado correctamente","timestamp":"2024-11-14T21:22:33.489Z"}
{"context":{"method":"GET","path":"/api/v1/users","userId":"123"},"level":"http","message":"HTTP Request: GET /api/v1/users","timestamp":"2024-11-14T21:22:33.491Z"}
{"context":{"userId":"123"},"level":"debug","message":"Depuración: El usuario tiene el ID 123 y su estado es activo","timestamp":"2024-11-14T21:22:33.494Z"}
{"level":"warn","message":"Token inválido o expirado: jwt expired","timestamp":"2024-11-14T21:25:24.869Z"}
{"level":"warn","message":"Token inválido o expirado: jwt expired","timestamp":"2024-11-14T21:25:27.048Z"}
{"level":"warn","message":"Sesión ya activa para el usuario: nuevoUsuario","timestamp":"2024-11-14T21:25:45.302Z"}
{"level":"warn","message":"Token inválido o expirado: jwt expired","timestamp":"2024-11-14T21:25:54.507Z"}
{"context":{"action":"dbConnection","userId":"123"},"level":"fatal","message":"Error crítico: No se pudo conectar a la base de datos","timestamp":"2024-11-14T21:30:05.803Z"}
{"context":{"userId":"123"},"level":"error","message":"Error: El sistema ha fallado","timestamp":"2024-11-14T21:30:05.832Z"}
{"context":{"userId":"123"},"level":"warn","message":"Advertencia: El uso de memoria ha superado el 80%","timestamp":"2024-11-14T21:30:05.833Z"}
{"context":{"userId":"123"},"level":"info","message":"Información general: El servidor ha iniciado correctamente","timestamp":"2024-11-14T21:30:05.835Z"}
{"context":{"method":"GET","path":"/api/v1/users","userId":"123"},"level":"http","message":"HTTP Request: GET /api/v1/users","timestamp":"2024-11-14T21:30:05.835Z"}
{"context":{"userId":"123"},"level":"debug","message":"Depuración: El usuario tiene el ID 123 y su estado es activo","timestamp":"2024-11-14T21:30:05.837Z"}
{"level":"info","message":"Inicio de sesión exitoso para el usuario: nuevoUsuario","timestamp":"2024-11-14T21:30:20.380Z"}
{"context":{"action":"dbConnection","userId":"123"},"level":"fatal","message":"Error crítico: No se pudo conectar a la base de datos","timestamp":"2024-11-14T21:31:24.821Z"}
{"context":{"userId":"123"},"level":"error","message":"Error: El sistema ha fallado","timestamp":"2024-11-14T21:31:24.846Z"}
{"context":{"userId":"123"},"level":"warn","message":"Advertencia: El uso de memoria ha superado el 80%","timestamp":"2024-11-14T21:31:24.847Z"}
{"context":{"userId":"123"},"level":"info","message":"Información general: El servidor ha iniciado correctamente","timestamp":"2024-11-14T21:31:24.849Z"}
{"context":{"method":"GET","path":"/api/v1/users","userId":"123"},"level":"http","message":"HTTP Request: GET /api/v1/users","timestamp":"2024-11-14T21:31:24.850Z"}
{"context":{"userId":"123"},"level":"debug","message":"Depuración: El usuario tiene el ID 123 y su estado es activo","timestamp":"2024-11-14T21:31:24.851Z"}
{"level":"info","message":"Inicio de sesión exitoso para el usuario: nuevoUsuario","timestamp":"2024-11-14T21:33:01.348Z"}
{"context":{"action":"dbConnection","userId":"123"},"level":"fatal","message":"Error crítico: No se pudo conectar a la base de datos","timestamp":"2024-11-14T21:33:58.812Z"}
{"context":{"userId":"123"},"level":"error","message":"Error: El sistema ha fallado","timestamp":"2024-11-14T21:33:58.836Z"}
{"context":{"userId":"123"},"level":"warn","message":"Advertencia: El uso de memoria ha superado el 80%","timestamp":"2024-11-14T21:33:58.837Z"}
{"context":{"userId":"123"},"level":"info","message":"Información general: El servidor ha iniciado correctamente","timestamp":"2024-11-14T21:33:58.839Z"}
{"context":{"method":"GET","path":"/api/v1/users","userId":"123"},"level":"http","message":"HTTP Request: GET /api/v1/users","timestamp":"2024-11-14T21:33:58.839Z"}
{"context":{"userId":"123"},"level":"debug","message":"Depuración: El usuario tiene el ID 123 y su estado es activo","timestamp":"2024-11-14T21:33:58.840Z"}
{"context":{"action":"dbConnection","userId":"123"},"level":"fatal","message":"Error crítico: No se pudo conectar a la base de datos","timestamp":"2024-11-14T21:35:39.591Z"}
{"context":{"userId":"123"},"level":"error","message":"Error: El sistema ha fallado","timestamp":"2024-11-14T21:35:39.619Z"}
{"context":{"userId":"123"},"level":"warn","message":"Advertencia: El uso de memoria ha superado el 80%","timestamp":"2024-11-14T21:35:39.620Z"}
{"context":{"userId":"123"},"level":"info","message":"Información general: El servidor ha iniciado correctamente","timestamp":"2024-11-14T21:35:39.622Z"}
{"context":{"method":"GET","path":"/api/v1/users","userId":"123"},"level":"http","message":"HTTP Request: GET /api/v1/users","timestamp":"2024-11-14T21:35:39.623Z"}
{"context":{"userId":"123"},"level":"debug","message":"Depuración: El usuario tiene el ID 123 y su estado es activo","timestamp":"2024-11-14T21:35:39.625Z"}
{"context":{"action":"dbConnection","userId":"123"},"level":"fatal","message":"Error crítico: No se pudo conectar a la base de datos","timestamp":"2024-11-14T21:36:03.817Z"}
{"context":{"userId":"123"},"level":"error","message":"Error: El sistema ha fallado","timestamp":"2024-11-14T21:36:03.867Z"}
{"context":{"userId":"123"},"level":"warn","message":"Advertencia: El uso de memoria ha superado el 80%","timestamp":"2024-11-14T21:36:03.868Z"}
{"context":{"userId":"123"},"level":"info","message":"Información general: El servidor ha iniciado correctamente","timestamp":"2024-11-14T21:36:03.870Z"}
{"context":{"method":"GET","path":"/api/v1/users","userId":"123"},"level":"http","message":"HTTP Request: GET /api/v1/users","timestamp":"2024-11-14T21:36:03.871Z"}
{"context":{"userId":"123"},"level":"debug","message":"Depuración: El usuario tiene el ID 123 y su estado es activo","timestamp":"2024-11-14T21:36:03.872Z"}
{"context":{"action":"dbConnection","userId":"123"},"level":"fatal","message":"Error crítico: No se pudo conectar a la base de datos","timestamp":"2024-11-14T21:37:11.803Z"}
{"context":{"userId":"123"},"level":"error","message":"Error: El sistema ha fallado","timestamp":"2024-11-14T21:37:11.829Z"}
{"context":{"userId":"123"},"level":"warn","message":"Advertencia: El uso de memoria ha superado el 80%","timestamp":"2024-11-14T21:37:11.830Z"}
{"context":{"userId":"123"},"level":"info","message":"Información general: El servidor ha iniciado correctamente","timestamp":"2024-11-14T21:37:11.832Z"}
{"context":{"method":"GET","path":"/api/v1/users","userId":"123"},"level":"http","message":"HTTP Request: GET /api/v1/users","timestamp":"2024-11-14T21:37:11.833Z"}
{"context":{"userId":"123"},"level":"debug","message":"Depuración: El usuario tiene el ID 123 y su estado es activo","timestamp":"2024-11-14T21:37:11.834Z"}
{"context":{"action":"dbConnection","userId":"123"},"level":"fatal","message":"Error crítico: No se pudo conectar a la base de datos","timestamp":"2024-11-14T21:38:15.713Z"}
{"context":{"userId":"123"},"level":"error","message":"Error: El sistema ha fallado","timestamp":"2024-11-14T21:38:15.737Z"}
{"context":{"userId":"123"},"level":"warn","message":"Advertencia: El uso de memoria ha superado el 80%","timestamp":"2024-11-14T21:38:15.738Z"}
{"context":{"userId":"123"},"level":"info","message":"Información general: El servidor ha iniciado correctamente","timestamp":"2024-11-14T21:38:15.739Z"}
{"context":{"method":"GET","path":"/api/v1/users","userId":"123"},"level":"http","message":"HTTP Request: GET /api/v1/users","timestamp":"2024-11-14T21:38:15.740Z"}
{"context":{"userId":"123"},"level":"debug","message":"Depuración: El usuario tiene el ID 123 y su estado es activo","timestamp":"2024-11-14T21:38:15.741Z"}
{"level":"info","message":"Lista de departamentos obtenida exitosamente","timestamp":"2024-11-14T21:41:37.927Z"}
{"level":"info","message":"Lista de departamentos obtenida exitosamente","timestamp":"2024-11-14T21:41:40.333Z"}
{"context":{"action":"dbConnection","userId":"123"},"level":"fatal","message":"Error crítico: No se pudo conectar a la base de datos","timestamp":"2024-11-14T21:42:31.096Z"}
{"context":{"userId":"123"},"level":"error","message":"Error: El sistema ha fallado","timestamp":"2024-11-14T21:42:31.128Z"}
{"context":{"userId":"123"},"level":"warn","message":"Advertencia: El uso de memoria ha superado el 80%","timestamp":"2024-11-14T21:42:31.129Z"}
{"context":{"userId":"123"},"level":"info","message":"Información general: El servidor ha iniciado correctamente","timestamp":"2024-11-14T21:42:31.130Z"}
{"context":{"method":"GET","path":"/api/v1/users","userId":"123"},"level":"http","message":"HTTP Request: GET /api/v1/users","timestamp":"2024-11-14T21:42:31.131Z"}
{"context":{"userId":"123"},"level":"debug","message":"Depuración: El usuario tiene el ID 123 y su estado es activo","timestamp":"2024-11-14T21:42:31.136Z"}
{"context":{"action":"dbConnection","userId":"123"},"level":"fatal","message":"Error crítico: No se pudo conectar a la base de datos","timestamp":"2024-11-14T21:50:45.553Z"}
{"context":{"userId":"123"},"level":"error","message":"Error: El sistema ha fallado","timestamp":"2024-11-14T21:50:45.586Z"}
{"context":{"userId":"123"},"level":"warn","message":"Advertencia: El uso de memoria ha superado el 80%","timestamp":"2024-11-14T21:50:45.588Z"}
{"context":{"userId":"123"},"level":"info","message":"Información general: El servidor ha iniciado correctamente","timestamp":"2024-11-14T21:50:45.593Z"}
{"context":{"method":"GET","path":"/api/v1/users","userId":"123"},"level":"http","message":"HTTP Request: GET /api/v1/users","timestamp":"2024-11-14T21:50:45.599Z"}
{"context":{"userId":"123"},"level":"debug","message":"Depuración: El usuario tiene el ID 123 y su estado es activo","timestamp":"2024-11-14T21:50:45.601Z"}
{"level":"info","message":"Lista de departamentos obtenida exitosamente","timestamp":"2024-11-14T21:50:51.472Z"}
{"context":{"action":"dbConnection","userId":"123"},"level":"fatal","message":"Error crítico: No se pudo conectar a la base de datos","timestamp":"2024-11-14T21:51:23.799Z"}
{"context":{"userId":"123"},"level":"error","message":"Error: El sistema ha fallado","timestamp":"2024-11-14T21:51:23.822Z"}
{"context":{"userId":"123"},"level":"warn","message":"Advertencia: El uso de memoria ha superado el 80%","timestamp":"2024-11-14T21:51:23.823Z"}
{"context":{"userId":"123"},"level":"info","message":"Información general: El servidor ha iniciado correctamente","timestamp":"2024-11-14T21:51:23.824Z"}
{"context":{"method":"GET","path":"/api/v1/users","userId":"123"},"level":"http","message":"HTTP Request: GET /api/v1/users","timestamp":"2024-11-14T21:51:23.825Z"}
{"context":{"userId":"123"},"level":"debug","message":"Depuración: El usuario tiene el ID 123 y su estado es activo","timestamp":"2024-11-14T21:51:23.826Z"}
{"context":{"action":"dbConnection","userId":"123"},"level":"fatal","message":"Error crítico: No se pudo conectar a la base de datos","timestamp":"2024-11-14T21:51:30.085Z"}
{"context":{"userId":"123"},"level":"error","message":"Error: El sistema ha fallado","timestamp":"2024-11-14T21:51:30.122Z"}
{"context":{"userId":"123"},"level":"warn","message":"Advertencia: El uso de memoria ha superado el 80%","timestamp":"2024-11-14T21:51:30.125Z"}
{"context":{"userId":"123"},"level":"info","message":"Información general: El servidor ha iniciado correctamente","timestamp":"2024-11-14T21:51:30.130Z"}
{"context":{"method":"GET","path":"/api/v1/users","userId":"123"},"level":"http","message":"HTTP Request: GET /api/v1/users","timestamp":"2024-11-14T21:51:30.131Z"}
{"context":{"userId":"123"},"level":"debug","message":"Depuración: El usuario tiene el ID 123 y su estado es activo","timestamp":"2024-11-14T21:51:30.133Z"}
{"level":"info","message":"Lista de departamentos obtenida exitosamente","timestamp":"2024-11-14T21:51:44.145Z"}
{"level":"info","message":"Lista de departamentos obtenida exitosamente","timestamp":"2024-11-14T21:54:34.957Z"}
{"level":"info","message":"TicketDetails retrieved successfully","timestamp":"2024-11-14T21:54:51.416Z"}
{"level":"info","message":"TicketDetails retrieved successfully","timestamp":"2024-11-14T21:54:59.571Z"}
